android-project/app/build/outputs/mapping/protectedRelease/usage.txt
com.zayro.wingsyttt.MainActivity$ZayroBridge:
    public abstract void retryContent()
    public abstract void speak(java.lang.String)
    public abstract void stopSound()
com.zayro.wingsyttt.MainActivity:
    private static final int XOR_KEY
com.zayro.wingsyttt.R$color
com.zayro.wingsyttt.R$drawable
com.zayro.wingsyttt.R$id:
    private void <init>()
com.zayro.wingsyttt.R$layout:
    private void <init>()
com.zayro.wingsyttt.R$mipmap
com.zayro.wingsyttt.R$string
com.zayro.wingsyttt.R$style
com.zayro.wingsyttt.R
com.zayro.wingsyttt.SketchApplication:
    public static android.app.Application get()
com.zayro.wingsyttt.databinding.MainBinding:
    public synthetic bridge android.view.View getRoot()
com.zayro.wingsyttt.MainActivity$10:
    public final synthetic com.zayro.wingsyttt.MainActivity this$0
com.zayro.wingsyttt.MainActivity$11:
    public final synthetic com.zayro.wingsyttt.MainActivity this$0
com.zayro.wingsyttt.MainActivity$1:
    public final synthetic com.zayro.wingsyttt.MainActivity this$0
com.zayro.wingsyttt.MainActivity$2:
    public final synthetic com.zayro.wingsyttt.MainActivity this$0
com.zayro.wingsyttt.MainActivity$3:
    public final synthetic com.zayro.wingsyttt.MainActivity this$0
com.zayro.wingsyttt.MainActivity$4$1$$InternalSyntheticBackportWithForwarding$1$6c10e83e4ecb0d201942a70a3f2ed6f8e5f994c98694cb94bef48b3d97edd885$0
com.zayro.wingsyttt.MainActivity$4$1$1$$InternalSyntheticBackportWithForwarding$2$ffc4605ea3d8ab607fd4be1c896b7c430f8f67cdecb42a3cdc9011d8523e11ab$0
com.zayro.wingsyttt.MainActivity$4$1$2$$InternalSyntheticBackportWithForwarding$2$7dcc90e93437bd9e1e1eef0cdb46af2601c9e45a1c612ccde0cce8e31b6ebf03$0
com.zayro.wingsyttt.MainActivity$5$$InternalSyntheticBackportWithForwarding$1$fe9d3765f46940fe261688b6166a5d16cf4202686e7f84783cf7c28f7d45c55a$0
com.zayro.wingsyttt.MainActivity$5:
    public final synthetic com.zayro.wingsyttt.MainActivity this$0
com.zayro.wingsyttt.MainActivity$6$$InternalSyntheticBackportWithForwarding$1$322cd6f64dc09f6777b71a66811c62ee3f25d971570a5cf8daa6c122742f0ab3$0
com.zayro.wingsyttt.MainActivity$6:
    public final synthetic com.zayro.wingsyttt.MainActivity this$0
com.zayro.wingsyttt.MainActivity$8:
    public final synthetic com.zayro.wingsyttt.MainActivity this$0
com.zayro.wingsyttt.MainActivity$9:
    public final synthetic com.zayro.wingsyttt.MainActivity this$0
com.zayro.wingsyttt.MainActivity$ZayroBridge
com.zayro.wingsyttt.R$id
com.zayro.wingsyttt.R$layout
com.zayro.wingsyttt.SketchApplication:
    public static android.app.Application instance
com.zayro.wingsyttt.databinding.MainBinding:
    public final android.widget.LinearLayout rootView
    public static android.widget.LinearLayout getRoot()
...
androidx.annotation.AnimRes
androidx.annotation.AnimatorRes
androidx.annotation.AnyRes
androidx.annotation.AnyThread
androidx.annotation.ArrayRes
androidx.annotation.AttrRes
androidx.annotation.BinderThread
androidx.annotation.BoolRes
androidx.annotation.CallSuper
androidx.annotation.CheckResult
androidx.annotation.ColorInt
androidx.annotation.ColorLong
androidx.annotation.ColorRes
androidx.annotation.DimenRes
androidx.annotation.Dimension
androidx.annotation.DrawableRes
androidx.annotation.FloatRange
androidx.annotation.FontRes
androidx.annotation.FractionRes
androidx.annotation.GuardedBy
androidx.annotation.HalfFloat
androidx.annotation.IdRes
androidx.annotation.IntDef
androidx.annotation.IntRange
androidx.annotation.IntegerRes
androidx.annotation.InterpolatorRes
androidx.annotation.Keep
androidx.annotation.LayoutRes
androidx.annotation.LongDef
androidx.annotation.MainThread
androidx.annotation.MenuRes
androidx.annotation.NavigationRes
androidx.annotation.NonNull
androidx.annotation.Nullable
androidx.annotation.PluralsRes
androidx.annotation.Px
androidx.annotation.RawRes
androidx.annotation.RequiresApi
androidx.annotation.RequiresFeature
androidx.annotation.RequiresPermission$Read
androidx.annotation.RequiresPermission$Write
androidx.annotation.RequiresPermission
androidx.annotation.RestrictTo$Scope
androidx.annotation.RestrictTo
androidx.annotation.Size
androidx.annotation.StringDef
androidx.annotation.StringRes
androidx.annotation.StyleRes
androidx.annotation.StyleableRes
androidx.annotation.TransitionRes
androidx.annotation.UiThread
androidx.annotation.VisibleForTesting
androidx.annotation.WorkerThread
androidx.annotation.XmlRes
androidx.viewbinding.R
androidx.viewbinding.ViewBinding
androidx.viewbinding.ViewBindings:
    private void <init>()
androidx.viewbinding.ViewBindings